[debug] [2024-03-04T11:43:19.769Z] ----------------------------------------------------------------------
[debug] [2024-03-04T11:43:19.771Z] Command:       C:\Program Files\nodejs\node.exe C:\Users\UviweMakiva\AppData\Roaming\npm\node_modules\firebase-tools\lib\bin\firebase.js deploy
[debug] [2024-03-04T11:43:19.772Z] CLI Version:   13.3.1
[debug] [2024-03-04T11:43:19.772Z] Platform:      win32
[debug] [2024-03-04T11:43:19.772Z] Node Version:  v18.12.0
[debug] [2024-03-04T11:43:19.773Z] Time:          Mon Mar 04 2024 13:43:19 GMT+0200 (South Africa Standard Time)
[debug] [2024-03-04T11:43:19.773Z] ----------------------------------------------------------------------
[debug] 
[debug] [2024-03-04T11:43:19.860Z] > command requires scopes: ["email","openid","https://www.googleapis.com/auth/cloudplatformprojects.readonly","https://www.googleapis.com/auth/firebase","https://www.googleapis.com/auth/cloud-platform"]
[debug] [2024-03-04T11:43:19.861Z] > authorizing via signed-in user (uviwe.makiva@younglings.africa)
[debug] [2024-03-04T11:43:19.861Z] [iam] checking project uviwe-portfolio for permissions ["firebase.projects.get","firebasehosting.sites.update"]
[debug] [2024-03-04T11:43:19.864Z] >>> [apiv2][query] POST https://cloudresourcemanager.googleapis.com/v1/projects/uviwe-portfolio:testIamPermissions [none]
[debug] [2024-03-04T11:43:19.864Z] >>> [apiv2][(partial)header] POST https://cloudresourcemanager.googleapis.com/v1/projects/uviwe-portfolio:testIamPermissions x-goog-quota-user=projects/uviwe-portfolio
[debug] [2024-03-04T11:43:19.864Z] >>> [apiv2][body] POST https://cloudresourcemanager.googleapis.com/v1/projects/uviwe-portfolio:testIamPermissions {"permissions":["firebase.projects.get","firebasehosting.sites.update"]}
[debug] [2024-03-04T11:43:21.881Z] <<< [apiv2][status] POST https://cloudresourcemanager.googleapis.com/v1/projects/uviwe-portfolio:testIamPermissions 200
[debug] [2024-03-04T11:43:21.882Z] <<< [apiv2][body] POST https://cloudresourcemanager.googleapis.com/v1/projects/uviwe-portfolio:testIamPermissions {"permissions":["firebase.projects.get","firebasehosting.sites.update"]}
[debug] [2024-03-04T11:43:21.885Z] >>> [apiv2][query] GET https://firebase.googleapis.com/v1beta1/projects/uviwe-portfolio [none]
[debug] [2024-03-04T11:43:23.024Z] <<< [apiv2][status] GET https://firebase.googleapis.com/v1beta1/projects/uviwe-portfolio 200
[debug] [2024-03-04T11:43:23.025Z] <<< [apiv2][body] GET https://firebase.googleapis.com/v1beta1/projects/uviwe-portfolio {"projectId":"uviwe-portfolio","projectNumber":"1086537284511","displayName":"uviwe-portfolio","name":"projects/uviwe-portfolio","resources":{"hostingSite":"uviwe-portfolio"},"state":"ACTIVE","etag":"1_122b51fa-d103-4922-9c65-79199e36bf80"}
[info] 
[info] === Deploying to 'uviwe-portfolio'...
[info] 
[info] i  deploying hosting 
[debug] [2024-03-04T11:43:23.037Z] >>> [apiv2][query] POST https://firebasehosting.googleapis.com/v1beta1/projects/-/sites/uviwe-portfolio/versions [none]
[debug] [2024-03-04T11:43:23.037Z] >>> [apiv2][body] POST https://firebasehosting.googleapis.com/v1beta1/projects/-/sites/uviwe-portfolio/versions {"status":"CREATED","labels":{"deployment-tool":"cli-firebase"}}
[debug] [2024-03-04T11:43:25.793Z] <<< [apiv2][status] POST https://firebasehosting.googleapis.com/v1beta1/projects/-/sites/uviwe-portfolio/versions 200
[debug] [2024-03-04T11:43:25.793Z] <<< [apiv2][body] POST https://firebasehosting.googleapis.com/v1beta1/projects/-/sites/uviwe-portfolio/versions {"name":"projects/1086537284511/sites/uviwe-portfolio/versions/54020a47ba9a90de","status":"CREATED","config":{},"labels":{"deployment-tool":"cli-firebase"}}
[info] i  hosting[uviwe-portfolio]: beginning deploy... 
[info] i  hosting[uviwe-portfolio]: found 40 files in build 
[debug] [2024-03-04T11:43:25.816Z] [hosting] uploading with 200 concurrency
[debug] [2024-03-04T11:43:26.549Z] [hosting] hash cache [YnVpbGQ] stored for 40 files
[debug] [2024-03-04T11:43:26.550Z] [hosting][hash queue][FINAL] {"max":721,"min":6,"avg":81.55000000000001,"active":0,"complete":40,"success":40,"errored":0,"retried":0,"total":40,"elapsed":731}
[debug] [2024-03-04T11:43:26.550Z] >>> [apiv2][query] POST https://firebasehosting.googleapis.com/v1beta1/projects/1086537284511/sites/uviwe-portfolio/versions/54020a47ba9a90de:populateFiles [none]
[debug] [2024-03-04T11:43:26.550Z] >>> [apiv2][body] POST https://firebasehosting.googleapis.com/v1beta1/projects/1086537284511/sites/uviwe-portfolio/versions/54020a47ba9a90de:populateFiles {"files":{"/favicon.ico":"eae62e993eb980ec8a25058c39d5a51feab118bd2100c4deebb2a9c158ec11f9","/logo192.png":"3ee59515172ee198f3be375979df15ac5345183e656720a381b8872b2a39dc8b","/logo512.png":"ee7e2f3fdb8209c4b6fd7bef6ba50d1b9dba30a25bb5c3126df057e1cb6f5331","/manifest.json":"aff3449bdc238776f5d6d967f19ec491b36aed5fb7f23ccff6500736fd58494a","/robots.txt":"bfe106a3fb878dc83461c86818bf74fc1bdc7f28538ba613cd3e775516ce8b49","/index.html":"8dbfd77b223d21a3813ffd51b37090744767dd4225b9dc02f6261ecc0e42a699","/asset-manifest.json":"c358b0b1ffcf4877039e53d39a6c1dc3294c04dcc04b83fd00301494e87f797b","/static/css/main.3ae73c9a.css":"1a20e92986b99e6a7f14b5d0512ece30b2bee921dd6908d0ae71ff3cf4263943","/static/js/592.79222f84.chunk.js.map":"8bc4ecf30da7c88ac61f31e2233e0569481cb8fbe9958a9d105556833bcb5122","/static/js/main.9fe7b5f7.js.LICENSE.txt":"a1e10079e8155bc5525d13d0464e64acbd892cb93e51621cce5f31f1c4cc8fe3","/static/css/main.3ae73c9a.css.map":"4608687e16ab689c87396c5bb764f908e1824439e12c247c07be8f7bd8fa055a","/static/js/592.79222f84.chunk.js":"d80e54e8dc5a8e3ca4e51cd0326d74f479495a770ab3d5a5f8920e0ca77077e4","/static/media/9.cb48bd40ef751fe7bf82.png":"737f47b1d61cea9193c33dcde6cf0f47cd2aa88eab2f411054119956ecbf45dd","/static/media/ChatBot.43a77b59b4c7d34742e5.png":"8e2a85cd4923890f385846cba0249ded5c56639674be6e3657e9caacc343e1ec","/static/media/dropDwnIcon.96705414bc0789433253.png":"a966d7146e59685b9a893819e6c56aa5070b51d5e3a326cd5e6804d61382d863","/static/media/EntrepHover.894fc6d539c08731c548.jpg":"417505f0c6caf10628fba26a153eb20c61492608c7e3b2a87f1068d0588d7b36","/static/media/image-svg.472461e65eb80f1adaae.png":"c7b5ccdb9885815800a3c9656712ddfb115b4db8aef2a0a61ef6320b70dc0119","/static/media/softwareHover.aeffd83751bc267d2e43.jpg":"65b6cba1578edb0b9d04a565ec50a4b5c9dd905dd2405235e05fbe03d8300024","/static/media/wits.7401c0c586b693866c58.jpg":"d1784169cb340323083cb4570949e6896993fb8e17cae56fd63f85615b5e7b97","/static/media/wsu.1118ba442e9ce7343cf9.jpg":"daf287c96cd01b51fb09c5df8884df676af38c5df4d2b22230683751693733fa","/static/media/fullstack.b75ce0dac6f987d99cad.jpg":"1028812810b7a1ec112dc3c6b5986442902340e6c978250ac4d84068a784f62c","/static/media/prosperity.930f0118ebd4a61474cc.png":"9b57107d3bf216e2b2148ab85a24a6ad6a61a8418c17c51a4ffe84aa72b868bf","/static/media/shortcourses.39dd67a9596e5a51f5c4.jpg":"5fb4e4401442b7df80288f818d706d4760bcb09b27b4a930472599cb180031bc","/static/media/videos.da543160525a30e1bd95.png":"179176074f4327d5da24a5461158003c0e1e5ddbd0883db4e003a799b994f51c","/static/media/gmail.672e577a80a490b8dd2a.png":"3c2b1df45de7aec06b9566d73ce4d7604d0e3a9d4834dde99a52de0c2a2d3299","/static/media/Location Icon.96905cf871bd298c21c0.png":"78e20a2487fe603837d4f2fd0e3c044e2d2428d1e4911311cd22c38d04a9d87d","/static/media/integrity.e9ae4012b3c42f7d0bd4.png":"1e3d80c216ccd885cef6eeae3b06a0fe2bdfa8de0eb965aa4644c7782ac5c683","/static/media/knowledge.0ce2cc83458d14c0c2cc.png":"cbcf7488aff391817a020c708e0d7057daeea13f4a7a1a013fb148e8bcde92c9","/static/js/main.9fe7b5f7.js":"ecbcc90d79a4e240a0534cf52f9f4e48fc352b688ff2679bca34cf06f5210238","/static/media/pb002.a717c41cc4f58802b69b.png":"74d25d3f76c964d5ab01498bcf2efa6926c3f629bcc6842be9d6e31661502f45","/static/media/s9.98a9164b14359ddbddd6.png":"f65081e2427be716badcedcb83670d6d0e6f64dacfbad9396eebbdbe15fae983","/static/media/3-copy.1cea73b4aff016087f70.jpg":"9229f805d28cb8f8d8c233115f0d07aeb8226285abc9cb282a545ded2c25ed75","/static/js/main.9fe7b5f7.js.map":"f4df3fbc419b0e48e81bafa0269a9db0ad007c6a29675ecece5b405b410dc836","/static/media/s4.835a9e333e5102a78dd1.png":"a0abd6e9b3369baf9f4c384e3ac44795d9cf950938a76a9918ef69822cf1da93","/static/media/s3.8e48570e25d6652afb6f.png":"3efc01d4466cef4c4bfb191d6629e1f75408e5a0c0423378ee8710ebd653ef7b","/static/media/AccountancySlide.776623669507109a6aac.gif":"5d03330b3de3f9494d4d38df3f6eed431747f3b75c8080b42ed41d37632d608a","/static/media/SoftwareDevSlide.4140e69ba11ec1393013.gif":"27b7e4d549edd6260ede332b7acfb384363711ff3e12bfa8e4433bcd1562b157","/static/media/EntrepSlide.4914e882783a0ae1f74a.gif":"d22fbaa7ff653e5cd05fb353688a462c1260a7c7cc7dac6fd5410d62d3cd90b9","/static/media/BlogPost.46cb2dac4317d2e6e96f.jpg":"710fefedab8599ddfa3fce9dac1c48e986c452ddd6db1d65a9c70fa2df202a43","/static/media/video1.0ca98b8011e338d212bf.mp4":"8e48f70566991737b3d28520e33913a66da06c90e22b34fc37f8d5923dd8cf9d"}}
[debug] [2024-03-04T11:43:28.847Z] <<< [apiv2][status] POST https://firebasehosting.googleapis.com/v1beta1/projects/1086537284511/sites/uviwe-portfolio/versions/54020a47ba9a90de:populateFiles 200
[debug] [2024-03-04T11:43:28.848Z] <<< [apiv2][body] POST https://firebasehosting.googleapis.com/v1beta1/projects/1086537284511/sites/uviwe-portfolio/versions/54020a47ba9a90de:populateFiles {"uploadRequiredHashes":["f4df3fbc419b0e48e81bafa0269a9db0ad007c6a29675ecece5b405b410dc836","8dbfd77b223d21a3813ffd51b37090744767dd4225b9dc02f6261ecc0e42a699","c358b0b1ffcf4877039e53d39a6c1dc3294c04dcc04b83fd00301494e87f797b","ecbcc90d79a4e240a0534cf52f9f4e48fc352b688ff2679bca34cf06f5210238"],"uploadUrl":"https://upload-firebasehosting.googleapis.com/upload/sites/uviwe-portfolio/versions/54020a47ba9a90de/files"}
[debug] [2024-03-04T11:43:28.850Z] >>> [apiv2][query] POST https://upload-firebasehosting.googleapis.com/upload/sites/uviwe-portfolio/versions/54020a47ba9a90de/files/f4df3fbc419b0e48e81bafa0269a9db0ad007c6a29675ecece5b405b410dc836 [none]
[debug] [2024-03-04T11:43:28.851Z] >>> [apiv2][body] POST https://upload-firebasehosting.googleapis.com/upload/sites/uviwe-portfolio/versions/54020a47ba9a90de/files/f4df3fbc419b0e48e81bafa0269a9db0ad007c6a29675ecece5b405b410dc836 [stream]
[debug] [2024-03-04T11:43:28.853Z] >>> [apiv2][query] POST https://upload-firebasehosting.googleapis.com/upload/sites/uviwe-portfolio/versions/54020a47ba9a90de/files/8dbfd77b223d21a3813ffd51b37090744767dd4225b9dc02f6261ecc0e42a699 [none]
[debug] [2024-03-04T11:43:28.853Z] >>> [apiv2][body] POST https://upload-firebasehosting.googleapis.com/upload/sites/uviwe-portfolio/versions/54020a47ba9a90de/files/8dbfd77b223d21a3813ffd51b37090744767dd4225b9dc02f6261ecc0e42a699 [stream]
[debug] [2024-03-04T11:43:28.856Z] >>> [apiv2][query] POST https://upload-firebasehosting.googleapis.com/upload/sites/uviwe-portfolio/versions/54020a47ba9a90de/files/c358b0b1ffcf4877039e53d39a6c1dc3294c04dcc04b83fd00301494e87f797b [none]
[debug] [2024-03-04T11:43:28.856Z] >>> [apiv2][body] POST https://upload-firebasehosting.googleapis.com/upload/sites/uviwe-portfolio/versions/54020a47ba9a90de/files/c358b0b1ffcf4877039e53d39a6c1dc3294c04dcc04b83fd00301494e87f797b [stream]
[debug] [2024-03-04T11:43:28.858Z] >>> [apiv2][query] POST https://upload-firebasehosting.googleapis.com/upload/sites/uviwe-portfolio/versions/54020a47ba9a90de/files/ecbcc90d79a4e240a0534cf52f9f4e48fc352b688ff2679bca34cf06f5210238 [none]
[debug] [2024-03-04T11:43:28.858Z] >>> [apiv2][body] POST https://upload-firebasehosting.googleapis.com/upload/sites/uviwe-portfolio/versions/54020a47ba9a90de/files/ecbcc90d79a4e240a0534cf52f9f4e48fc352b688ff2679bca34cf06f5210238 [stream]
[debug] [2024-03-04T11:43:28.860Z] [hosting][populate queue][FINAL] {"max":2302,"min":2302,"avg":2302,"active":0,"complete":1,"success":1,"errored":0,"retried":0,"total":1,"elapsed":2312}
[debug] [2024-03-04T11:43:28.860Z] [hosting] uploads queued: 4
[debug] [2024-03-04T11:43:30.337Z] <<< [apiv2][status] POST https://upload-firebasehosting.googleapis.com/upload/sites/uviwe-portfolio/versions/54020a47ba9a90de/files/8dbfd77b223d21a3813ffd51b37090744767dd4225b9dc02f6261ecc0e42a699 200
[debug] [2024-03-04T11:43:30.337Z] <<< [apiv2][body] POST https://upload-firebasehosting.googleapis.com/upload/sites/uviwe-portfolio/versions/54020a47ba9a90de/files/8dbfd77b223d21a3813ffd51b37090744767dd4225b9dc02f6261ecc0e42a699 [stream]
[debug] [2024-03-04T11:43:30.337Z] <<< [apiv2][status] POST https://upload-firebasehosting.googleapis.com/upload/sites/uviwe-portfolio/versions/54020a47ba9a90de/files/c358b0b1ffcf4877039e53d39a6c1dc3294c04dcc04b83fd00301494e87f797b 200
[debug] [2024-03-04T11:43:30.338Z] <<< [apiv2][body] POST https://upload-firebasehosting.googleapis.com/upload/sites/uviwe-portfolio/versions/54020a47ba9a90de/files/c358b0b1ffcf4877039e53d39a6c1dc3294c04dcc04b83fd00301494e87f797b [stream]
[debug] [2024-03-04T11:43:30.870Z] <<< [apiv2][status] POST https://upload-firebasehosting.googleapis.com/upload/sites/uviwe-portfolio/versions/54020a47ba9a90de/files/f4df3fbc419b0e48e81bafa0269a9db0ad007c6a29675ecece5b405b410dc836 200
[debug] [2024-03-04T11:43:30.871Z] <<< [apiv2][body] POST https://upload-firebasehosting.googleapis.com/upload/sites/uviwe-portfolio/versions/54020a47ba9a90de/files/f4df3fbc419b0e48e81bafa0269a9db0ad007c6a29675ecece5b405b410dc836 [stream]
[debug] [2024-03-04T11:43:30.939Z] <<< [apiv2][status] POST https://upload-firebasehosting.googleapis.com/upload/sites/uviwe-portfolio/versions/54020a47ba9a90de/files/ecbcc90d79a4e240a0534cf52f9f4e48fc352b688ff2679bca34cf06f5210238 200
[debug] [2024-03-04T11:43:30.940Z] <<< [apiv2][body] POST https://upload-firebasehosting.googleapis.com/upload/sites/uviwe-portfolio/versions/54020a47ba9a90de/files/ecbcc90d79a4e240a0534cf52f9f4e48fc352b688ff2679bca34cf06f5210238 [stream]
[debug] [2024-03-04T11:43:30.940Z] [hosting][upload queue][FINAL] {"max":2090,"min":1488,"avg":1772.25,"active":0,"complete":4,"success":4,"errored":0,"retried":0,"total":4,"elapsed":2092}
[info] +  hosting[uviwe-portfolio]: file upload complete 
[debug] [2024-03-04T11:43:30.942Z] [hosting] deploy completed after 5145ms
[debug] [2024-03-04T11:43:30.943Z] [
  {
    "config": {
      "public": "build",
      "ignore": [
        "firebase.json",
        "**/.*",
        "**/node_modules/**"
      ],
      "site": "uviwe-portfolio"
    },
    "version": "projects/1086537284511/sites/uviwe-portfolio/versions/54020a47ba9a90de"
  }
]
[info] i  hosting[uviwe-portfolio]: finalizing version... 
[debug] [2024-03-04T11:43:30.947Z] >>> [apiv2][query] PATCH https://firebasehosting.googleapis.com/v1beta1/projects/-/sites/uviwe-portfolio/versions/54020a47ba9a90de updateMask=status%2Cconfig
[debug] [2024-03-04T11:43:30.948Z] >>> [apiv2][body] PATCH https://firebasehosting.googleapis.com/v1beta1/projects/-/sites/uviwe-portfolio/versions/54020a47ba9a90de {"status":"FINALIZED","config":{}}
[debug] [2024-03-04T11:43:33.197Z] <<< [apiv2][status] PATCH https://firebasehosting.googleapis.com/v1beta1/projects/-/sites/uviwe-portfolio/versions/54020a47ba9a90de 200
[debug] [2024-03-04T11:43:33.198Z] <<< [apiv2][body] PATCH https://firebasehosting.googleapis.com/v1beta1/projects/-/sites/uviwe-portfolio/versions/54020a47ba9a90de {"name":"projects/1086537284511/sites/uviwe-portfolio/versions/54020a47ba9a90de","status":"FINALIZED","config":{},"labels":{"deployment-tool":"cli-firebase"},"createTime":"2024-03-04T11:42:43.821239Z","createUser":{"email":"uviwe.makiva@younglings.africa"},"finalizeTime":"2024-03-04T11:42:51.721648Z","finalizeUser":{"email":"uviwe.makiva@younglings.africa"}}
[debug] [2024-03-04T11:43:33.198Z] [hosting] finalized version for uviwe-portfolio:[object Object]
[info] +  hosting[uviwe-portfolio]: version finalized 
[info] i  hosting[uviwe-portfolio]: releasing new version... 
[debug] [2024-03-04T11:43:33.201Z] >>> [apiv2][query] POST https://firebasehosting.googleapis.com/v1beta1/projects/-/sites/uviwe-portfolio/channels/live/releases versionName=projects%2F1086537284511%2Fsites%2Fuviwe-portfolio%2Fversions%2F54020a47ba9a90de
[debug] [2024-03-04T11:43:33.201Z] >>> [apiv2][body] POST https://firebasehosting.googleapis.com/v1beta1/projects/-/sites/uviwe-portfolio/channels/live/releases {}
[debug] [2024-03-04T11:43:35.544Z] <<< [apiv2][status] POST https://firebasehosting.googleapis.com/v1beta1/projects/-/sites/uviwe-portfolio/channels/live/releases 200
[debug] [2024-03-04T11:43:35.544Z] <<< [apiv2][body] POST https://firebasehosting.googleapis.com/v1beta1/projects/-/sites/uviwe-portfolio/channels/live/releases {"name":"projects/1086537284511/sites/uviwe-portfolio/channels/live/releases/1709552573337000","version":{"name":"projects/1086537284511/sites/uviwe-portfolio/versions/54020a47ba9a90de","status":"FINALIZED","config":{},"labels":{"deployment-tool":"cli-firebase"},"createTime":"2024-03-04T11:42:43.821239Z","createUser":{"email":"uviwe.makiva@younglings.africa","imageUrl":"https://lh3.googleusercontent.com/a/ACg8ocLmWdq3mW_HVbKZ89YloUX_93aNpfWWon9_-wnezmFV=mo"},"finalizeTime":"2024-03-04T11:42:51.721648Z","finalizeUser":{"email":"uviwe.makiva@younglings.africa","imageUrl":"https://lh3.googleusercontent.com/a/ACg8ocLmWdq3mW_HVbKZ89YloUX_93aNpfWWon9_-wnezmFV=mo"}},"type":"DEPLOY","releaseTime":"2024-03-04T11:42:53.337Z","releaseUser":{"email":"uviwe.makiva@younglings.africa","imageUrl":"https://lh3.googleusercontent.com/a/ACg8ocLmWdq3mW_HVbKZ89YloUX_93aNpfWWon9_-wnezmFV=mo"}}
[debug] [2024-03-04T11:43:35.544Z] [hosting] release: {"name":"projects/1086537284511/sites/uviwe-portfolio/channels/live/releases/1709552573337000","version":{"name":"projects/1086537284511/sites/uviwe-portfolio/versions/54020a47ba9a90de","status":"FINALIZED","config":{},"labels":{"deployment-tool":"cli-firebase"},"createTime":"2024-03-04T11:42:43.821239Z","createUser":{"email":"uviwe.makiva@younglings.africa","imageUrl":"https://lh3.googleusercontent.com/a/ACg8ocLmWdq3mW_HVbKZ89YloUX_93aNpfWWon9_-wnezmFV=mo"},"finalizeTime":"2024-03-04T11:42:51.721648Z","finalizeUser":{"email":"uviwe.makiva@younglings.africa","imageUrl":"https://lh3.googleusercontent.com/a/ACg8ocLmWdq3mW_HVbKZ89YloUX_93aNpfWWon9_-wnezmFV=mo"}},"type":"DEPLOY","releaseTime":"2024-03-04T11:42:53.337Z","releaseUser":{"email":"uviwe.makiva@younglings.africa","imageUrl":"https://lh3.googleusercontent.com/a/ACg8ocLmWdq3mW_HVbKZ89YloUX_93aNpfWWon9_-wnezmFV=mo"}}
[info] +  hosting[uviwe-portfolio]: release complete 
[info] 
[info] +  Deploy complete! 
[info] 
[info] Project Console: https://console.firebase.google.com/project/uviwe-portfolio/overview
[info] Hosting URL: https://uviwe-portfolio.web.app
[debug] [2024-03-04T11:43:41.602Z] Error: Timed out.
    at Timeout._onTimeout (C:\Users\UviweMakiva\AppData\Roaming\npm\node_modules\firebase-tools\lib\utils.js:258:49)
    at listOnTimeout (node:internal/timers:564:17)
    at process.processTimers (node:internal/timers:507:7)
[error] 
[error] Error: An unexpected error has occurred.
